2024-01-27 17:17:12.929206||Err: Expecting value: line 1 column 1 (char 0)
2024-01-27 17:27:22.191017||Err: Expecting value: line 1 column 1 (char 0)
2024-01-27 17:36:57.807637||Err: Expecting value: line 1 column 1 (char 0)
2024-01-27 17:46:23.119720||Err: Expecting value: line 1 column 1 (char 0)
2024-01-27 17:55:53.216420||Err: Expecting value: line 1 column 1 (char 0)
2024-01-27 18:14:01.581925||Err: Expecting value: line 1 column 1 (char 0)
2024-01-27 18:25:33.908626||Err: Expecting value: line 1 column 1 (char 0)
2024-01-27 18:35:46.915663||Err: Expecting value: line 1 column 1 (char 0)
2024-01-27 18:44:48.533594||Err: Expecting value: line 1 column 1 (char 0)
2024-01-27 18:54:02.878234||Err: Expecting value: line 1 column 1 (char 0)
2024-01-27 19:08:11.862924||Err: Expecting value: line 1 column 1 (char 0)
2024-01-27 19:17:36.084709||Err: Expecting value: line 1 column 1 (char 0)
2024-01-27 19:26:49.768059||Err: Expecting value: line 1 column 1 (char 0)
2024-01-27 19:37:14.158414||Err: Expecting value: line 1 column 1 (char 0)
2024-01-27 19:46:44.655826||Err: Expecting value: line 1 column 1 (char 0)
2024-01-27 20:12:33.946059||Err: Expecting value: line 1 column 1 (char 0)
2024-01-27 20:22:36.985765||Err: Expecting value: line 1 column 1 (char 0)
2024-01-27 20:32:31.414968||Err: Expecting value: line 1 column 1 (char 0)
2024-01-27 20:41:50.512963||Err: Expecting value: line 1 column 1 (char 0)
2024-01-27 20:51:16.434405||Err: Expecting value: line 1 column 1 (char 0)
2024-01-27 21:00:37.376909||Err: Expecting value: line 1 column 1 (char 0)
2024-01-27 21:14:38.221041||Err: Expecting value: line 1 column 1 (char 0)
2024-01-27 21:24:01.313023||Err: Expecting value: line 1 column 1 (char 0)
2024-01-27 21:33:36.887096||Err: Expecting value: line 1 column 1 (char 0)
2024-01-27 21:42:50.187423||Err: Expecting value: line 1 column 1 (char 0)
2024-01-27 21:52:20.020838||Err: Expecting value: line 1 column 1 (char 0)
2024-01-27 22:06:48.285515||Err: Expecting value: line 1 column 1 (char 0)
2024-01-27 22:22:35.039127||Err: Expecting value: line 1 column 1 (char 0)
2024-01-27 22:32:14.171766||Err: Expecting value: line 1 column 1 (char 0)
2024-01-27 22:41:34.606575||Err: Expecting value: line 1 column 1 (char 0)
2024-01-27 22:50:57.760194||Err: Expecting value: line 1 column 1 (char 0)
2024-01-27 23:00:05.514027||Err: Expecting value: line 1 column 1 (char 0)
2024-01-27 23:17:41.031554||Err: Expecting value: line 1 column 1 (char 0)
2024-01-27 23:27:03.962187||Err: Expecting value: line 1 column 1 (char 0)
2024-01-27 23:37:12.574526||Err: Expecting value: line 1 column 1 (char 0)
2024-01-27 23:46:18.300054||Err: Expecting value: line 1 column 1 (char 0)
2024-01-27 23:55:44.342860||Err: Expecting value: line 1 column 1 (char 0)
2024-01-28 00:59:12.883422||Err: Expecting value: line 1 column 1 (char 0)
2024-01-28 01:54:48.758970||Err: Expecting value: line 1 column 1 (char 0)
2024-01-28 02:18:43.700088||Err: Expecting value: line 1 column 1 (char 0)
2024-01-28 02:30:36.321316||Err: Expecting value: line 1 column 1 (char 0)
2024-01-28 02:40:11.395250||Err: Expecting value: line 1 column 1 (char 0)
2024-01-28 02:49:33.253706||Err: Expecting value: line 1 column 1 (char 0)
2024-01-28 02:59:02.086622||Err: Expecting value: line 1 column 1 (char 0)
2024-01-28 03:17:27.713589||Err: Expecting value: line 1 column 1 (char 0)
2024-01-28 03:26:43.153902||Err: Expecting value: line 1 column 1 (char 0)
2024-01-28 03:45:22.343746||Err: Expecting value: line 1 column 1 (char 0)
2024-01-28 03:54:49.644433||Err: Expecting value: line 1 column 1 (char 0)
2024-01-28 04:13:21.254511||Err: Expecting value: line 1 column 1 (char 0)
2024-01-28 04:26:47.364599||Err: Expecting value: line 1 column 1 (char 0)
2024-01-28 04:36:34.905401||Err: Expecting value: line 1 column 1 (char 0)
2024-01-28 04:45:41.844341||Err: Expecting value: line 1 column 1 (char 0)
2024-01-28 04:55:10.579703||Err: Expecting value: line 1 column 1 (char 0)
2024-01-28 05:11:33.616453||Err: Expecting value: line 1 column 1 (char 0)
2024-01-28 05:25:23.326908||Err: Expecting value: line 1 column 1 (char 0)
2024-01-28 05:34:58.549428||Err: Expecting value: line 1 column 1 (char 0)
2024-01-28 05:53:38.462979||Err: Expecting value: line 1 column 1 (char 0)
2024-01-28 06:10:36.454138||Err: Expecting value: line 1 column 1 (char 0)
2024-01-28 06:25:35.718667||Err: Expecting value: line 1 column 1 (char 0)
2024-01-28 06:35:06.145938||Err: Expecting value: line 1 column 1 (char 0)
2024-01-28 06:44:14.287889||Err: Expecting value: line 1 column 1 (char 0)
2024-01-28 06:53:19.321469||Err: Expecting value: line 1 column 1 (char 0)
2024-01-28 07:08:38.288873||Err: Expecting value: line 1 column 1 (char 0)
2024-01-28 07:19:11.369054||Err: Expecting value: line 1 column 1 (char 0)
2024-01-28 07:28:23.703316||Err: Expecting value: line 1 column 1 (char 0)
2024-01-28 07:33:01.591976||Err: Expecting value: line 1 column 1 (char 0)
2024-01-28 07:37:37.588352||Err: Expecting value: line 1 column 1 (char 0)
2024-01-28 07:38:58.572255||Err: Message: session not created: Chrome failed to start: exited normally.
  (session not created: DevToolsActivePort file doesn't exist)
  (The process started from chrome location /usr/bin/google-chrome is no longer running, so ChromeDriver is assuming that Chrome has crashed.)
Stacktrace:
#0 0x559d083a5f83 <unknown>
#1 0x559d0805ecf7 <unknown>
#2 0x559d0809660e <unknown>
#3 0x559d0809326e <unknown>
#4 0x559d080e380c <unknown>
#5 0x559d080d7e53 <unknown>
#6 0x559d0809fdd4 <unknown>
#7 0x559d080a11de <unknown>
#8 0x559d0836a531 <unknown>
#9 0x559d0836e455 <unknown>
#10 0x559d08356f55 <unknown>
#11 0x559d0836f0ef <unknown>
#12 0x559d0833a99f <unknown>
#13 0x559d08393008 <unknown>
#14 0x559d083931d7 <unknown>
#15 0x559d083a5124 <unknown>
#16 0x7f2a34494ac3 <unknown>

2024-01-28 07:42:32.852540||Err: Message: Process unexpectedly closed with status 1

2024-01-28 07:47:05.509714||Err: Message: Process unexpectedly closed with status 1

2024-01-28 07:48:10.871187||Err: 'WebDriver' object has no attribute 'manage'
2024-01-28 07:52:10.136670||Err: 'NoneType' object has no attribute 'json'
2024-01-28 07:54:37.914953||Err: 'Options' object has no attribute 'addArguments'
2024-01-28 07:56:12.409312||Err: 'NoneType' object has no attribute 'json'
2024-01-28 08:05:17.574527||Err: 'NoneType' object has no attribute 'json'
2024-01-28 08:07:40.761707||Err: Message: invalid argument: cannot parse capability: goog:chromeOptions
from invalid argument: unrecognized chrome option: excludeSwitches
Stacktrace:
#0 0x56287818bd93 <unknown>
#1 0x562877e6f337 <unknown>
#2 0x562877e974fb <unknown>
#3 0x562877e98875 <unknown>
#4 0x562877e93ed6 <unknown>
#5 0x562877ee81b4 <unknown>
#6 0x562877ee7b6c <unknown>
#7 0x562877ee946a <unknown>
#8 0x562877edd1e3 <unknown>
#9 0x562877ead135 <unknown>
#10 0x562877eae13e <unknown>
#11 0x56287814fe4b <unknown>
#12 0x562878153dfa <unknown>
#13 0x56287813c6d5 <unknown>
#14 0x562878154a6f <unknown>
#15 0x56287812069f <unknown>
#16 0x562878179098 <unknown>
#17 0x562878179262 <unknown>
#18 0x56287818af34 <unknown>
#19 0x7f99c8a94ac3 <unknown>

2024-01-28 08:11:45.088330||Err: Message: invalid argument: cannot parse capability: goog:chromeOptions
from invalid argument: unrecognized chrome option: useAutomationExtension
Stacktrace:
#0 0x55606c325d93 <unknown>
#1 0x55606c009337 <unknown>
#2 0x55606c0314fb <unknown>
#3 0x55606c032875 <unknown>
#4 0x55606c02ded6 <unknown>
#5 0x55606c0821b4 <unknown>
#6 0x55606c081b6c <unknown>
#7 0x55606c08346a <unknown>
#8 0x55606c0771e3 <unknown>
#9 0x55606c047135 <unknown>
#10 0x55606c04813e <unknown>
#11 0x55606c2e9e4b <unknown>
#12 0x55606c2eddfa <unknown>
#13 0x55606c2d66d5 <unknown>
#14 0x55606c2eea6f <unknown>
#15 0x55606c2ba69f <unknown>
#16 0x55606c313098 <unknown>
#17 0x55606c313262 <unknown>
#18 0x55606c324f34 <unknown>
#19 0x7fe945c94ac3 <unknown>

